# JRE version: Java(TM) SE Runtime Environment (7.0_60-b19) (build 1.7.0_60-b19)
# Java VM: Java HotSpot(TM) 64-Bit Server VM (24.60-b09 mixed mode linux-amd64 compressed oops)
Heap
 PSYoungGen      total 411136K, used 187391K [0x00000007d7000000, 0x00000007fe480000, 0x0000000800000000)
  eden space 187392K, 99% used [0x00000007d7000000,0x00000007e26ffff0,0x00000007e2700000)
  from space 223744K, 0% used [0x00000007f0180000,0x00000007f0180000,0x00000007fdc00000)
  to   space 223744K, 0% used [0x00000007e2700000,0x00000007e2700000,0x00000007f0180000)
 ParOldGen       total 1343488K, used 1343155K [0x0000000785000000, 0x00000007d7000000, 0x00000007d7000000)
  object space 1343488K, 99% used [0x0000000785000000,0x00000007d6faccb8,0x00000007d7000000)
 PSPermGen       total 21504K, used 13076K [0x000000077fe00000, 0x0000000781300000, 0x0000000785000000)
  object space 21504K, 60% used [0x000000077fe00000,0x0000000780ac51c8,0x0000000781300000)
GC Heap History (10 events):
Event: 37.845 GC heap after
Heap after GC invocations=36 (full 14):
 PSYoungGen      total 411136K, used 187391K [0x00000007d7000000, 0x00000007fe480000, 0x0000000800000000)
  eden space 187392K, 99% used [0x00000007d7000000,0x00000007e26fff90,0x00000007e2700000)
  from space 223744K, 0% used [0x00000007f0180000,0x00000007f0180000,0x00000007fdc00000)
  to   space 223744K, 0% used [0x00000007e2700000,0x00000007e2700000,0x00000007f0180000)
 ParOldGen       total 1343488K, used 1343147K [0x0000000785000000, 0x00000007d7000000, 0x00000007d7000000)
  object space 1343488K, 99% used [0x0000000785000000,0x00000007d6faad18,0x00000007d7000000)
 PSPermGen       total 21504K, used 13076K [0x000000077fe00000, 0x0000000781300000, 0x0000000785000000)
  object space 21504K, 60% used [0x000000077fe00000,0x0000000780ac51c8,0x0000000781300000)
}
Event: 37.846 GC heap before
{Heap before GC invocations=37 (full 15):
 PSYoungGen      total 411136K, used 187392K [0x00000007d7000000, 0x00000007fe480000, 0x0000000800000000)
  eden space 187392K, 100% used [0x00000007d7000000,0x00000007e2700000,0x00000007e2700000)
  from space 223744K, 0% used [0x00000007f0180000,0x00000007f0180000,0x00000007fdc00000)
  to   space 223744K, 0% used [0x00000007e2700000,0x00000007e2700000,0x00000007f0180000)
 ParOldGen       total 1343488K, used 1343147K [0x0000000785000000, 0x00000007d7000000, 0x00000007d7000000)
  object space 1343488K, 99% used [0x0000000785000000,0x00000007d6faad18,0x00000007d7000000)
 PSPermGen       total 21504K, used 13076K [0x000000077fe00000, 0x0000000781300000, 0x0000000785000000)
  object space 21504K, 60% used [0x000000077fe00000,0x0000000780ac51c8,0x0000000781300000)
Event: 39.218 GC heap after
Heap after GC invocations=37 (full 15):
 PSYoungGen      total 411136K, used 187391K [0x00000007d7000000, 0x00000007fe480000, 0x0000000800000000)
  eden space 187392K, 99% used [0x00000007d7000000,0x00000007e26ffff0,0x00000007e2700000)
  from space 223744K, 0% used [0x00000007f0180000,0x00000007f0180000,0x00000007fdc00000)
  to   space 223744K, 0% used [0x00000007e2700000,0x00000007e2700000,0x00000007f0180000)
 ParOldGen       total 1343488K, used 1343147K [0x0000000785000000, 0x00000007d7000000, 0x00000007d7000000)
  object space 1343488K, 99% used [0x0000000785000000,0x00000007d6faad18,0x00000007d7000000)
 PSPermGen       total 21504K, used 13076K [0x000000077fe00000, 0x0000000781300000, 0x0000000785000000)
  object space 21504K, 60% used [0x000000077fe00000,0x0000000780ac51c8,0x0000000781300000)
}
Event: 39.219 GC heap before
{Heap before GC invocations=38 (full 16):
 PSYoungGen      total 411136K, used 187391K [0x00000007d7000000, 0x00000007fe480000, 0x0000000800000000)
  eden space 187392K, 99% used [0x00000007d7000000,0x00000007e26ffff0,0x00000007e2700000)
  from space 223744K, 0% used [0x00000007f0180000,0x00000007f0180000,0x00000007fdc00000)
  to   space 223744K, 0% used [0x00000007e2700000,0x00000007e2700000,0x00000007f0180000)
 ParOldGen       total 1343488K, used 1343149K [0x0000000785000000, 0x00000007d7000000, 0x00000007d7000000)
  object space 1343488K, 99% used [0x0000000785000000,0x00000007d6fab518,0x00000007d7000000)
 PSPermGen       total 21504K, used 13076K [0x000000077fe00000, 0x0000000781300000, 0x0000000785000000)
  object space 21504K, 60% used [0x000000077fe00000,0x0000000780ac51c8,0x0000000781300000)
Event: 40.489 GC heap after
Heap after GC invocations=38 (full 16):
 PSYoungGen      total 411136K, used 187391K [0x00000007d7000000, 0x00000007fe480000, 0x0000000800000000)
  eden space 187392K, 99% used [0x00000007d7000000,0x00000007e26ffff0,0x00000007e2700000)
  from space 223744K, 0% used [0x00000007f0180000,0x00000007f0180000,0x00000007fdc00000)
  to   space 223744K, 0% used [0x00000007e2700000,0x00000007e2700000,0x00000007f0180000)
 ParOldGen       total 1343488K, used 1343149K [0x0000000785000000, 0x00000007d7000000, 0x00000007d7000000)
  object space 1343488K, 99% used [0x0000000785000000,0x00000007d6fab4f8,0x00000007d7000000)
 PSPermGen       total 21504K, used 13076K [0x000000077fe00000, 0x0000000781300000, 0x0000000785000000)
  object space 21504K, 60% used [0x000000077fe00000,0x0000000780ac51c8,0x0000000781300000)
}
Event: 40.489 GC heap before
{Heap before GC invocations=39 (full 17):
 PSYoungGen      total 411136K, used 187391K [0x00000007d7000000, 0x00000007fe480000, 0x0000000800000000)
  eden space 187392K, 99% used [0x00000007d7000000,0x00000007e26ffff0,0x00000007e2700000)
  from space 223744K, 0% used [0x00000007f0180000,0x00000007f0180000,0x00000007fdc00000)
  to   space 223744K, 0% used [0x00000007e2700000,0x00000007e2700000,0x00000007f0180000)
 ParOldGen       total 1343488K, used 1343151K [0x0000000785000000, 0x00000007d7000000, 0x00000007d7000000)
  object space 1343488K, 99% used [0x0000000785000000,0x00000007d6fabcf8,0x00000007d7000000)
 PSPermGen       total 21504K, used 13076K [0x000000077fe00000, 0x0000000781300000, 0x0000000785000000)
  object space 21504K, 60% used [0x000000077fe00000,0x0000000780ac51c8,0x0000000781300000)
Event: 41.843 GC heap after
Heap after GC invocations=39 (full 17):
 PSYoungGen      total 411136K, used 187391K [0x00000007d7000000, 0x00000007fe480000, 0x0000000800000000)
  eden space 187392K, 99% used [0x00000007d7000000,0x00000007e26ffff0,0x00000007e2700000)
  from space 223744K, 0% used [0x00000007f0180000,0x00000007f0180000,0x00000007fdc00000)
  to   space 223744K, 0% used [0x00000007e2700000,0x00000007e2700000,0x00000007f0180000)
 ParOldGen       total 1343488K, used 1343151K [0x0000000785000000, 0x00000007d7000000, 0x00000007d7000000)
  object space 1343488K, 99% used [0x0000000785000000,0x00000007d6fabcd8,0x00000007d7000000)
 PSPermGen       total 21504K, used 13076K [0x000000077fe00000, 0x0000000781300000, 0x0000000785000000)
  object space 21504K, 60% used [0x000000077fe00000,0x0000000780ac51c8,0x0000000781300000)
}
Event: 41.844 GC heap before
{Heap before GC invocations=40 (full 18):
 PSYoungGen      total 411136K, used 187391K [0x00000007d7000000, 0x00000007fe480000, 0x0000000800000000)
  eden space 187392K, 99% used [0x00000007d7000000,0x00000007e26ffff0,0x00000007e2700000)
  from space 223744K, 0% used [0x00000007f0180000,0x00000007f0180000,0x00000007fdc00000)
  to   space 223744K, 0% used [0x00000007e2700000,0x00000007e2700000,0x00000007f0180000)
 ParOldGen       total 1343488K, used 1343153K [0x0000000785000000, 0x00000007d7000000, 0x00000007d7000000)
  object space 1343488K, 99% used [0x0000000785000000,0x00000007d6fac4d0,0x00000007d7000000)
 PSPermGen       total 21504K, used 13076K [0x000000077fe00000, 0x0000000781300000, 0x0000000785000000)
  object space 21504K, 60% used [0x000000077fe00000,0x0000000780ac51c8,0x0000000781300000)
Event: 43.199 GC heap after
Heap after GC invocations=40 (full 18):
 PSYoungGen      total 411136K, used 187391K [0x00000007d7000000, 0x00000007fe480000, 0x0000000800000000)
  eden space 187392K, 99% used [0x00000007d7000000,0x00000007e26ffff0,0x00000007e2700000)
  from space 223744K, 0% used [0x00000007f0180000,0x00000007f0180000,0x00000007fdc00000)
  to   space 223744K, 0% used [0x00000007e2700000,0x00000007e2700000,0x00000007f0180000)
 ParOldGen       total 1343488K, used 1343153K [0x0000000785000000, 0x00000007d7000000, 0x00000007d7000000)
  object space 1343488K, 99% used [0x0000000785000000,0x00000007d6fac4b8,0x00000007d7000000)
 PSPermGen       total 21504K, used 13076K [0x000000077fe00000, 0x0000000781300000, 0x0000000785000000)
  object space 21504K, 60% used [0x000000077fe00000,0x0000000780ac51c8,0x0000000781300000)
}
Event: 43.199 GC heap before
{Heap before GC invocations=41 (full 19):
 PSYoungGen      total 411136K, used 187391K [0x00000007d7000000, 0x00000007fe480000, 0x0000000800000000)
  eden space 187392K, 99% used [0x00000007d7000000,0x00000007e26ffff0,0x00000007e2700000)
  from space 223744K, 0% used [0x00000007f0180000,0x00000007f0180000,0x00000007fdc00000)
  to   space 223744K, 0% used [0x00000007e2700000,0x00000007e2700000,0x00000007f0180000)
 ParOldGen       total 1343488K, used 1343155K [0x0000000785000000, 0x00000007d7000000, 0x00000007d7000000)
  object space 1343488K, 99% used [0x0000000785000000,0x00000007d6faccb8,0x00000007d7000000)
 PSPermGen       total 21504K, used 13076K [0x000000077fe00000, 0x0000000781300000, 0x0000000785000000)
  object space 21504K, 60% used [0x000000077fe00000,0x0000000780ac51c8,0x0000000781300000)

